<?xml version="1.0" encoding="UTF-8"?>
<testsuite xmlns:xsi="http://www.w3.org/2001/XMLSchema-instance" xsi:noNamespaceSchemaLocation="https://maven.apache.org/surefire/maven-surefire-plugin/xsd/surefire-test-report.xsd" name="HMTest" time="0.099" tests="9" errors="0" skipped="0" failures="0">
  <properties>
[...]
</properties>
  <testcase name="testReplaceMissingDoesNotChangeSize" classname="HMTest" time="0.059"/>
  <testcase name="testGetUnderMultipleInserts" classname="HMTest" time="0.01"/>
  <testcase name="testReplaceUpdatesValue" classname="HMTest" time="0"/>
  <testcase name="testIteratorCoversAllValues" classname="HMTest" time="0"/>
  <testcase name="testConstructorAndPut" classname="HMTest" time="0.004"/>
  <testcase name="testGetAndReplace" classname="HMTest" time="0"/>
  <testcase name="testCollisionsIncreaseSize" classname="HMTest" time="0"/>
  <testcase name="testIsEmpty" classname="HMTest" time="0.006"/>
  <testcase name="testIterator" classname="HMTest" time="0"/>
</testsuite>